<?xml version="1.0" encoding="UTF-8"?>
<!-- Generated by org.testng.reporters.JUnitReportReporter -->
<testsuite skipped="0" hostname="Praveen" name="annotation.InvocationCount" tests="3" failures="0" timestamp="22 Dec 2018 13:33:44 GMT" time="0.054" errors="0">
  <testcase name="add" time="0.036" classname="annotation.InvocationCount"/>
  <testcase name="add" time="0.010" classname="annotation.InvocationCount"/>
  <testcase name="add" time="0.008" classname="annotation.InvocationCount"/>
</testsuite> <!-- annotation.InvocationCount -->
