<?xml version="1.0" encoding="UTF-8"?>
<!-- Generated by org.testng.reporters.JUnitReportReporter -->
<testsuite skipped="0" hostname="Praveen" name="annotation.InvocationCount" tests="3" failures="0" timestamp="04 Dec 2018 14:35:02 GMT" time="0.057" errors="0">
  <testcase name="add" time="0.006" classname="annotation.InvocationCount"/>
  <testcase name="add" time="0.045" classname="annotation.InvocationCount"/>
  <testcase name="add" time="0.006" classname="annotation.InvocationCount"/>
</testsuite> <!-- annotation.InvocationCount -->
